<?xml version="1.0" encoding="UTF-8"?>
<!-- Generated by org.testng.reporters.JUnitReportReporter -->
<testsuite hostname="TSQA-L107" failures="0" tests="2" name="swaglab.SwagLabTest" time="0.005" errors="0" timestamp="2022-06-30T13:31:11 IST" skipped="0">
  <testcase classname="swaglab.SwagLabTest" name="test1" time="0.000"/>
  <system-out/>
  <testcase classname="swaglab.SwagLabTest" name="test1" time="0.005"/>
  <system-out/>
</testsuite> <!-- swaglab.SwagLabTest -->
